<?xml version="1.0" encoding="UTF-8"?>
<!-- Generated by org.testng.reporters.JUnitReportReporter -->
<testsuite skipped="0" hostname="pankazs-MacBook-Pro.local" name="com.testrunner.DdTestRunner" tests="1" failures="0" timestamp="08 Jan 2020 18:59:09 GMT" time="6.334" errors="0">
  <testcase name="feature" time="6.334" classname="com.testrunner.DdTestRunner"/>
</testsuite> <!-- com.testrunner.DdTestRunner -->
